\BOOKMARK [1][-]{section*.2}{\376\377\004\033\004\065\004\072\004\106\004\070\004\117\000\040\0001}{}% 1
\BOOKMARK [2][-]{section*.3}{\376\377\004\022\004\062\004\065\004\064\004\065\004\075\004\070\004\065}{section*.2}% 2
\BOOKMARK [3][-]{section*.4}{\376\377\004\036\004\101\004\075\004\076\004\062\004\075\004\113\004\065\000\040\004\077\004\076\004\075\004\117\004\102\004\070\004\117}{section*.3}% 3
\BOOKMARK [2][-]{section*.5}{\376\377\004\027\004\060\004\064\004\060\004\107\004\060\000\040\004\032\004\076\004\110\004\070\000\040\004\070\000\040\004\102\004\065\004\076\004\100\004\065\004\074\004\060\000\040\004\101\004\103\004\111\004\065\004\101\004\102\004\062\004\076\004\062\004\060\004\075\004\070\004\117\000\040\004\070\000\040\004\065\004\064\004\070\004\075\004\101\004\102\004\062\004\065\004\075\004\075\004\076\004\101\004\102\004\070\000\040\004\064\004\073\004\117\000\040\004\103\004\100\004\060\004\062\004\075\004\065\004\075\004\070\004\117\000\040\000\050\0002\000\051}{section*.2}% 4
\BOOKMARK [1][-]{section*.6}{\376\377\004\033\004\065\004\072\004\106\004\070\004\117\000\040\0002}{}% 5
\BOOKMARK [2][-]{section*.7}{\376\377\004\043\004\100\004\060\004\062\004\075\004\065\004\075\004\070\004\117\000\040\004\077\004\065\004\100\004\062\004\076\004\063\004\076\000\040\004\077\004\076\004\100\004\117\004\064\004\072\004\060\000,\000\040\004\070\004\075\004\102\004\065\004\063\004\100\004\070\004\100\004\103\004\065\004\074\004\113\004\065\000\040\004\062\000\040\004\072\004\062\004\060\004\064\004\100\004\060\004\102\004\103\004\100\004\060\004\105}{section*.6}% 6
\BOOKMARK [3][-]{section*.8}{\376\377\004\043\004\100\004\060\004\062\004\075\004\065\004\075\004\070\004\117\000\040\004\101\000\040\004\100\004\060\004\067\004\064\004\065\004\073\004\117\004\116\004\111\004\070\004\074\004\070\004\101\004\117\000\040\004\077\004\065\004\100\004\065\004\074\004\065\004\075\004\075\004\113\004\074\004\070}{section*.7}% 7
\BOOKMARK [3][-]{section*.9}{\376\377\004\036\004\064\004\075\004\076\004\100\004\076\004\064\004\075\004\113\004\065\000\040\004\103\004\100\004\060\004\062\004\075\004\065\004\075\004\070\004\117}{section*.7}% 8
\BOOKMARK [3][-]{section*.10}{\376\377\004\036\004\061\004\076\004\061\004\111\004\065\004\075\004\075\004\113\004\065\000\040\004\076\004\064\004\075\004\076\004\100\004\076\004\064\004\075\004\113\004\065\000\040\004\103\004\100\004\060\004\062\004\075\004\065\004\075\004\070\004\117}{section*.7}% 9
\BOOKMARK [3][-]{section*.11}{\376\377\004\033\004\070\004\075\004\065\004\071\004\075\004\113\004\065\000\040\004\103\004\100\004\060\004\062\004\075\004\065\004\075\004\070\004\117}{section*.7}% 10
\BOOKMARK [3][-]{section*.12}{\376\377\004\043\004\100\004\060\004\062\004\075\004\065\004\075\004\070\004\065\000\040\004\021\004\065\004\100\004\075\004\103\004\073\004\073\004\070}{section*.7}% 11
\BOOKMARK [3][-]{section*.13}{\376\377\004\043\004\100\004\060\004\062\004\075\004\065\004\075\004\070\004\117\000\040\004\040\004\070\004\072\004\072\004\060\004\102\004\070}{section*.7}% 12
\BOOKMARK [3][-]{section*.14}{\376\377\004\043\004\100\004\060\004\062\004\075\004\065\004\075\004\070\004\065\000\040\004\062\000\040\004\077\004\076\004\073\004\075\004\113\004\105\000\040\004\064\004\070\004\104\004\104\004\065\004\100\004\065\004\075\004\106\004\070\004\060\004\073\004\060\004\105}{section*.7}% 13
\BOOKMARK [1][-]{section*.16}{\376\377\004\033\004\065\004\072\004\106\004\070\004\117\000\040\0003}{}% 14
\BOOKMARK [2][-]{section*.17}{\376\377\004\043\004\100\004\060\004\062\004\075\004\065\004\075\004\070\004\065\000\040\004\062\000\040\004\077\004\076\004\073\004\075\004\113\004\105\000\040\004\064\004\070\004\104\004\104\004\065\004\100\004\065\004\075\004\106\004\070\004\060\004\073\004\060\004\105}{section*.16}% 15
\BOOKMARK [3][-]{section*.18}{\376\377\004\030\004\075\004\102\004\065\004\063\004\100\004\070\004\100\004\103\004\116\004\111\004\070\004\071\000\040\004\074\004\075\004\076\004\066\004\070\004\102\004\065\004\073\004\114}{section*.17}% 16
\BOOKMARK [2][-]{section*.19}{\376\377\004\034\004\065\004\102\004\076\004\064\004\113\000\040\004\077\004\076\004\075\004\070\004\066\004\065\004\075\004\070\004\117\000\040\004\077\004\076\004\100\004\117\004\064\004\072\004\060\000\040\004\064\004\070\004\104\004\104\004\065\004\100\004\065\004\075\004\106\004\070\004\060\004\073\004\114\004\075\004\113\004\105\000\040\004\103\004\100\004\060\004\062\004\075\004\065\004\075\004\070\004\071}{section*.16}% 17
\BOOKMARK [3][-]{section*.20}{\376\377\004\043\004\100\004\060\004\062\004\075\004\065\004\075\004\070\004\117\000,\000\040\004\075\004\065\000\040\004\101\004\076\004\064\004\065\004\100\004\066\004\060\004\111\004\070\004\065\000\040\000y\000\040\000,\000\040\000y\000'\000,\000\040\040\046\000,\000\040\000y\000\050\000k\000-\0001\000\051}{section*.19}% 18
\BOOKMARK [3][-]{section*.21}{\376\377\004\043\004\100\004\060\004\062\004\075\004\065\004\075\004\070\004\117\000,\000\040\004\075\004\065\000\040\004\101\004\076\004\064\004\065\004\100\004\066\004\060\004\111\004\070\004\065\000\040\000x\000\040\000\050\004\060\004\062\004\102\004\076\004\075\004\076\004\074\004\075\004\113\004\065\000\051}{section*.19}% 19
\BOOKMARK [3][-]{section*.22}{\376\377\004\043\004\100\004\060\004\062\004\075\004\065\004\075\004\070\004\117\000,\000\040\004\076\004\064\004\075\004\076\004\100\004\076\004\064\004\075\004\113\004\065\000\040\004\076\004\102\004\075\004\076\004\101\004\070\004\102\004\065\004\073\004\114\004\075\004\076\000\040\000y\000,\000\040\000y\000'\000,\000\040\040\046\000y\000\050\000n\000\051}{section*.19}% 20
\BOOKMARK [3][-]{section*.23}{\376\377\004\036\004\061\004\076\004\061\004\111\004\065\004\075\004\075\004\113\004\065\000\040\004\076\004\064\004\075\004\076\004\100\004\076\004\064\004\075\004\113\004\065\000\040\004\103\004\100\004\060\004\062\004\075\004\065\004\075\004\070\004\117}{section*.19}% 21
\BOOKMARK [1][-]{section*.24}{\376\377\004\033\004\065\004\072\004\106\004\070\004\117\000\040\0004}{}% 22
\BOOKMARK [2][-]{section*.25}{\376\377\004\043\004\100\004\060\004\062\004\075\004\065\004\075\004\070\004\117\000\040\004\077\004\065\004\100\004\062\004\076\004\063\004\076\000\040\004\077\004\076\004\100\004\117\004\064\004\072\004\060\000,\000\040\004\075\004\065\000\040\004\100\004\060\004\067\004\100\004\065\004\110\004\060\004\065\004\074\004\113\004\065\000\040\004\076\004\102\004\075\004\076\004\101\004\070\004\102\004\065\004\073\004\114\004\075\004\076\000\040\004\077\004\100\004\076\004\070\004\067\004\062\004\076\004\064\004\075\004\113\004\105}{section*.24}% 23
\BOOKMARK [3][-]{section*.26}{\376\377\004\034\004\065\004\102\004\076\004\064\000\040\004\062\004\062\004\065\004\064\004\065\004\075\004\070\004\117\000\040\004\077\004\060\004\100\004\060\004\074\004\065\004\102\004\100\004\060}{section*.25}% 24
\BOOKMARK [2][-]{section*.27}{\376\377\004\027\004\060\004\064\004\060\004\107\004\060\000\040\004\032\004\076\004\110\004\070\000\040\004\070\000\040\004\102\004\065\004\076\004\100\004\065\004\074\004\060\000\040\004\101\004\103\004\111\004\065\004\101\004\102\004\062\004\076\004\062\004\060\004\075\004\070\004\117\000\040\004\070\000\040\004\065\004\064\004\070\004\075\004\101\004\102\004\062\004\065\004\075\004\075\004\076\004\101\004\102\004\070\000\040\004\100\004\065\004\110\004\065\004\075\004\070\004\117\000\040\004\103\004\100\004\060\004\062\004\075\004\065\004\075\004\070\004\117\000\040\000\050\0001\0006\000\051}{section*.24}% 25
\BOOKMARK [3][-]{section*.28}{\376\377\004\036\004\101\004\076\004\061\004\113\004\065\000\040\004\100\004\065\004\110\004\065\004\075\004\070\004\117\000\040\004\103\004\100\004\060\004\062\004\075\004\065\004\075\004\070\004\117\000\040\000\050\0001\0006\000\051}{section*.27}% 26
\BOOKMARK [3][-]{section*.29}{\376\377\004\020\004\073\004\063\004\076\004\100\004\070\004\102\004\074\000\040\004\076\004\102\004\113\004\101\004\072\004\060\004\075\004\070\004\117\000\040\004\076\004\101\004\076\004\061\004\113\004\105\000\040\004\100\004\065\004\110\004\065\004\075\004\070\004\071}{section*.27}% 27
\BOOKMARK [1][-]{section*.30}{\376\377\004\033\004\065\004\072\004\106\004\070\004\117\000\040\0005}{}% 28
\BOOKMARK [2][-]{section*.31}{\376\377\004\043\004\100\004\060\004\062\004\075\004\065\004\075\004\070\004\065\000\040\004\032\004\073\004\065\004\100\004\076}{section*.30}% 29
\BOOKMARK [2][-]{section*.32}{\376\377\004\033\004\070\004\075\004\065\004\071\004\075\004\113\004\065\000\040\004\103\004\100\004\060\004\062\004\075\004\065\004\075\004\070\004\117\000\040\004\101\000\040\004\077\004\065\004\100\004\065\004\074\004\065\004\075\004\075\004\113\004\074\004\070\000\040\004\072\004\076\004\115\004\104\004\104\004\070\004\106\004\070\004\065\004\075\004\102\004\060\004\074\004\070}{section*.30}% 30
\BOOKMARK [3][-]{section*.33}{\376\377\004\036\004\077\004\100\004\065\004\064\004\065\004\073\004\065\004\075\004\070\004\065\000.\000\040\004\042\004\065\004\076\004\100\004\065\004\074\004\060\000\040\004\076\000\040\004\101\004\103\004\111\004\065\004\101\004\102\004\062\004\076\004\062\004\060\004\075\004\070\004\070\000\040\004\070\000\040\004\065\004\064\004\070\004\075\004\101\004\102\004\062\004\065\004\075\004\075\004\076\004\101\004\102\004\070}{section*.32}% 31
\BOOKMARK [3][-]{section*.35}{\376\377\004\033\004\070\004\075\004\065\004\071\004\075\004\076\004\101\004\102\004\114\000\040\004\076\004\077\004\065\004\100\004\060\004\102\004\076\004\100\004\060\000\040\000L\000\040\004\070\000\040\004\065\004\065\000\040\004\101\004\073\004\065\004\064\004\101\004\102\004\062\004\070\004\117}{section*.32}% 32
\BOOKMARK [1][-]{section*.39}{\376\377\004\033\004\065\004\072\004\106\004\070\004\117\000\040\0006}{}% 33
\BOOKMARK [2][-]{section*.40}{\376\377\004\033\004\070\004\075\004\065\004\071\004\075\004\113\004\065\000\040\004\076\004\064\004\075\004\076\004\100\004\076\004\064\004\075\004\113\004\065\000\040\004\103\004\100\004\060\004\062\004\075\004\065\004\075\004\070\004\117}{section*.39}% 34
