\BOOKMARK [1][-]{section*.2}{\376\377\004\032\004\070\004\075\004\065\004\074\004\060\004\102\004\070\004\072\004\060\000\040\004\102\004\076\004\107\004\072\004\070}{}% 1
\BOOKMARK [2][-]{section*.3}{\376\377\004\022\004\065\004\072\004\102\004\076\004\100\004\075\004\076\004\065\000\040\004\076\004\077\004\070\004\101\004\060\004\075\004\070\004\065\000\040\004\064\004\062\004\070\004\066\004\065\004\075\004\070\004\117}{section*.2}% 2
\BOOKMARK [2][-]{section*.4}{\376\377\004\024\004\065\004\072\004\060\004\100\004\102\004\076\004\062\004\113\000\040\004\072\004\076\004\076\004\100\004\064\004\070\004\075\004\060\004\102\004\113}{section*.2}% 3
\BOOKMARK [2][-]{section*.5}{\376\377\004\024\004\062\004\070\004\066\004\065\004\075\004\070\004\065\000\040\004\077\004\076\000\040\004\076\004\072\004\100\004\103\004\066\004\075\004\076\004\101\004\102\004\070}{section*.2}% 4
\BOOKMARK [2][-]{section*.6}{\376\377\004\025\004\101\004\102\004\065\004\101\004\102\004\062\004\065\004\075\004\075\004\076\004\065\000\040\004\076\004\077\004\070\004\101\004\060\004\075\004\070\004\065\000\040\004\064\004\062\004\070\004\066\004\065\004\075\004\070\004\117}{section*.2}% 5
\BOOKMARK [2][-]{section*.8}{\376\377\004\036\004\100\004\102\004\076\004\063\004\076\004\075\004\060\004\073\004\114\004\075\004\113\004\065\000\040\004\062\004\065\004\072\004\102\004\076\004\100\004\075\004\113\004\065\000\040\004\072\004\076\004\076\004\100\004\064\004\070\004\075\004\060\004\102\004\113}{section*.2}% 6
\BOOKMARK [3][-]{section*.9}{\376\377\004\023\004\065\004\076\004\074\004\065\004\102\004\100\004\070\004\107\004\065\004\101\004\072\004\070\004\071\000\040\004\101\004\074\004\113\004\101\004\073}{section*.8}% 7
\BOOKMARK [1][-]{section*.10}{\376\377\004\032\004\070\004\075\004\065\004\074\004\060\004\102\004\070\004\072\004\060\000\040\004\102\004\062\004\065\004\100\004\064\004\076\004\063\004\076\000\040\004\102\004\065\004\073\004\060}{}% 8
\BOOKMARK [2][-]{section*.11}{\376\377\004\044\004\076\004\100\004\074\004\103\004\073\004\113\000\040\004\037\004\103\004\060\004\101\004\101\004\076\004\075\004\060}{section*.10}% 9
\BOOKMARK [2][-]{section*.12}{\376\377\004\044\004\076\004\100\004\074\004\103\004\073\004\060\000\040\004\100\004\060\004\101\004\077\004\100\004\065\004\064\004\065\004\073\004\065\004\075\004\070\004\117\000\040\004\101\004\072\004\076\004\100\004\076\004\101\004\102\004\065\004\071\000\040\004\102\004\076\004\107\004\065\004\072\000\040\004\102\004\062\004\065\004\100\004\064\004\076\004\063\004\076\000\040\004\102\004\065\004\073\004\060}{section*.10}% 10
\BOOKMARK [3][-]{section*.13}{\376\377\004\023\004\065\004\076\004\074\004\065\004\102\004\100\004\070\004\107\004\065\004\101\004\072\004\070\004\071\000\040\004\101\004\074\004\113\004\101\004\073}{section*.12}% 11
\BOOKMARK [1][-]{section*.14}{\376\377\004\032\004\073\004\060\004\101\004\101\004\070\004\104\004\070\004\072\004\060\004\106\004\070\004\117\000\040\004\064\004\062\004\070\004\066\004\065\004\075\004\070\004\117\000\040\004\102\004\062\004\065\004\100\004\064\004\076\004\063\004\076\000\040\004\102\004\065\004\073\004\060}{}% 12
\BOOKMARK [2][-]{section*.15}{\376\377\004\037\004\076\004\101\004\102\004\103\004\077\004\060\004\102\004\065\004\073\004\114\004\075\004\076\004\065}{section*.14}% 13
\BOOKMARK [2][-]{section*.17}{\376\377\004\022\004\100\004\060\004\111\004\060\004\102\004\065\004\073\004\114\004\075\004\076\004\065\000\040\004\064\004\062\004\070\004\066\004\065\004\075\004\070\004\065\000\040\000\050\004\062\004\100\004\060\004\111\004\065\004\075\004\070\004\065\000\040\004\062\004\076\004\072\004\100\004\103\004\063\000\040\004\075\004\065\004\077\004\076\004\064\004\062\004\070\004\066\004\075\004\076\004\071\000\040\004\076\004\101\004\070\000\051}{section*.14}% 14
\BOOKMARK [2][-]{section*.18}{\376\377\004\037\004\073\004\076\004\101\004\072\004\076\004\077\004\060\004\100\004\060\004\073\004\073\004\065\004\073\004\114\004\075\004\076\004\065\000\040\004\064\004\062\004\070\004\066\004\065\004\075\004\070\004\065}{section*.14}% 15
\BOOKMARK [2][-]{section*.19}{\376\377\004\042\004\065\004\073\004\076\000\040\004\101\000\040\004\075\004\065\004\077\004\076\004\064\004\062\004\070\004\066\004\075\004\076\004\071\000\040\004\102\004\076\004\107\004\072\004\076\004\071\000\040\000\050\004\062\004\100\004\060\004\111\004\065\004\075\004\070\004\065\000\040\004\062\004\076\004\072\004\100\004\103\004\063\000\040\004\102\004\076\004\107\004\072\004\070\000\051}{section*.14}% 16
\BOOKMARK [2][-]{section*.20}{\376\377\004\022\004\070\004\075\004\102\004\076\004\062\004\076\004\065\000\040\004\064\004\062\004\070\004\066\004\065\004\075\004\070\004\065}{section*.14}% 17
\BOOKMARK [2][-]{section*.21}{\376\377\004\036\004\061\004\111\004\070\004\071\000\040\004\101\004\073\004\103\004\107\004\060\004\071}{section*.14}% 18
\BOOKMARK [1][-]{section*.22}{\376\377\004\032\004\070\004\075\004\065\004\074\004\060\004\102\004\070\004\072\004\060\000\040\004\101\004\073\004\076\004\066\004\075\004\076\004\063\004\076\000\040\004\064\004\062\004\070\004\066\004\065\004\075\004\070\004\117}{}% 19
\BOOKMARK [2][-]{section*.23}{\376\377\004\041\004\073\004\076\004\066\004\075\004\076\004\065\000\040\004\064\004\062\004\070\004\066\004\065\004\075\004\070\004\065\000\040\004\074\004\060\004\102\004\065\004\100\004\070\004\060\004\073\004\114\004\075\004\076\004\071\000\040\004\102\004\076\004\107\004\072\004\070}{section*.22}% 20
\BOOKMARK [2][-]{section*.24}{\376\377\004\041\004\073\004\076\004\066\004\075\004\076\004\065\000\040\004\064\004\062\004\070\004\066\004\065\004\075\004\070\004\065\000\040\004\102\004\062\004\065\004\100\004\064\004\076\004\063\004\076\000\040\004\102\004\065\004\073\004\060}{section*.22}% 21
\BOOKMARK [2][-]{section*.26}{\376\377\004\032\004\070\004\075\004\065\004\074\004\060\004\102\004\070\004\107\004\065\004\101\004\072\004\070\004\065\000\040\004\104\004\076\004\100\004\074\004\103\004\073\004\113\000\040\004\055\004\071\004\073\004\065\004\100\004\060}{section*.22}% 22
\BOOKMARK [1][-]{section*.27}{\376\377\004\020\004\073\004\063\004\065\004\061\004\100\004\060\000\040\004\072\004\062\004\060\004\102\004\065\004\100\004\075\004\070\004\076\004\075\004\076\004\062}{}% 23
\BOOKMARK [1][-]{section*.30}{\376\377\004\027\004\060\004\064\004\060\004\075\004\070\004\065\000\040\004\076\004\100\004\070\004\065\004\075\004\102\004\060\004\106\004\070\004\070\000\040\004\102\004\062\004\065\004\100\004\064\004\076\004\063\004\076\000\040\004\102\004\065\004\073\004\060\000\040\004\101\000\040\004\077\004\076\004\074\004\076\004\111\004\114\004\116\000\040\004\072\004\062\004\060\004\102\004\065\004\100\004\075\004\070\004\076\004\075\004\076\004\062}{}% 24
\BOOKMARK [1][-]{section*.31}{\376\377\004\032\004\070\004\075\004\065\004\074\004\060\004\102\004\070\004\072\004\060\000\040\004\102\004\062\004\065\004\100\004\064\004\076\004\063\004\076\000\040\004\102\004\065\004\073\004\060\000\040\004\062\000\040\004\072\004\062\004\060\004\102\004\065\004\100\004\075\004\070\004\076\004\075\004\075\004\076\004\074\000\040\004\076\004\077\004\070\004\101\004\060\004\075\004\070\004\070}{}% 25
\BOOKMARK [2][-]{section*.33}{\376\377\004\030\004\075\004\102\004\065\004\063\004\100\004\070\004\100\004\076\004\062\004\060\004\075\004\070\004\065\000\040\004\103\004\100\004\060\004\062\004\075\004\065\004\075\004\070\004\117\000\040\004\037\004\103\004\060\004\101\004\101\004\076\004\075\004\060}{section*.31}% 26
\BOOKMARK [1][-]{section*.34}{\376\377\004\024\004\070\004\075\004\060\004\074\004\070\004\072\004\060}{}% 27
\BOOKMARK [2][-]{section*.40}{\376\377\004\041\004\102\004\060\004\106\004\070\004\076\004\075\004\060\004\100\004\075\004\113\004\065\000\040\004\101\004\070\004\073\004\113}{section*.34}% 28
\BOOKMARK [2][-]{section*.41}{\376\377\004\037\004\076\004\067\004\070\004\106\004\070\004\076\004\075\004\075\004\113\004\065\000\040\004\101\004\070\004\073\004\113}{section*.34}% 29
\BOOKMARK [3][-]{section*.42}{\376\377\004\032\004\100\004\070\004\102\004\065\004\100\004\070\004\071\000\040\004\077\004\076\004\102\004\065\004\075\004\106\004\070\004\060\004\073\004\114\004\075\004\076\004\101\004\102\004\070}{section*.41}% 30
\BOOKMARK [2][-]{section*.43}{\376\377\004\041\004\062\004\076\004\071\004\101\004\102\004\062\004\060\000\040\004\062\004\075\004\103\004\102\004\100\004\065\004\075\004\075\004\070\004\105\000\040\004\101\004\070\004\073}{section*.34}% 31
\BOOKMARK [1][-]{section*.44}{\376\377\004\036\004\101\004\075\004\076\004\062\004\075\004\113\004\065\000\040\004\102\004\065\004\076\004\100\004\065\004\074\004\113\000\040\004\064\004\070\004\075\004\060\004\074\004\070\004\072\004\070}{}% 32
\BOOKMARK [2][-]{section*.45}{\376\377\004\036\004\101\004\075\004\076\004\062\004\075\004\113\004\065\000\040\004\064\004\070\004\075\004\060\004\074\004\070\004\107\004\065\004\101\004\072\004\070\004\065\000\040\004\062\004\065\004\073\004\070\004\107\004\070\004\075\004\113}{section*.44}% 33
\BOOKMARK [1][-]{section*.48}{\376\377\004\036\004\101\004\075\004\076\004\062\004\075\004\113\004\065\000\040\004\102\004\065\004\076\004\100\004\065\004\074\004\113\000\040\004\064\004\070\004\075\004\060\004\074\004\070\004\072\004\070\000\040\004\062\000\040\004\075\004\065\004\070\004\075\004\065\004\100\004\106\004\070\004\060\004\073\004\114\004\075\004\113\004\105\000\040\004\101\004\070\004\101\004\102\004\065\004\074\004\060\004\105\000\040\004\076\004\102\004\101\004\107\004\065\004\102\004\060}{}% 34
